[01:35:18.675][INFO][CraftTweaker-EarlyInit]: CraftTweaker is running on a Minecraft 1.20.1 production server modded with platform Forge
[01:35:18.705][INFO][CraftTweaker-EarlyInit]: Successfully injected RecipeFS file system
[01:35:18.745][INFO][CraftTweaker-Plugins]: Successfully identified and loaded plugin farmersdelight:crafttweaker_plugin
[01:35:18.761][INFO][CraftTweaker-Plugins]: Successfully identified and loaded plugin refurbished_furniture:plugin
[01:35:18.762][INFO][CraftTweaker-Plugins]: Successfully identified and loaded plugin jeitweaker:common
[01:35:18.777][INFO][CraftTweaker-Plugins]: Successfully identified and loaded plugin crafttweaker:builtin
[01:35:18.777][INFO][CraftTweaker-Plugins]: Successfully identified and loaded plugin crafttweaker:builtin_forge
[01:35:18.817][INFO][JEITweaker]: Identified JeiTweaker plugin 'jeitweaker:forge': loading scheduled
[01:35:18.818][INFO][JEITweaker]: Identified JeiTweaker plugin 'jeitweaker:common': loading scheduled
[01:35:18.827][INFO][JEITweaker]: JEITweaker Environmental Check: the combination of mods [jei] is fully supported
[01:35:18.827][INFO][JEITweaker]: Running JeiTweaker plugin initialization
[01:35:18.836][INFO][JEITweaker]: JeiTweaker plugin initialization completed successfully
[01:35:19.910][INFO][CraftTweaker]: The following mods have explicit CraftTweaker support through the default plugin:
[01:35:19.926][INFO][CraftTweaker]: - 'crafttweaker' at version '14.0.57'
[01:35:19.926][INFO][CraftTweaker]: - 'farmersdelight' at version '1.20.1-1.2.8'
[01:35:19.926][INFO][CraftTweaker]: - 'immersiveengineering' at version '1.20.1-10.2.0-183'
[01:35:19.926][INFO][CraftTweaker]: - 'jeitweaker' at version '8.0.6'
[01:35:19.926][INFO][CraftTweaker]: - 'refurbished_furniture' at version '1.0.14'
[01:35:47.282][INFO][CraftTweaker-ZenCode]: Started loading scripts for loader 'initialize'
[01:35:47.823][INFO][CraftTweaker-ZenCode]: Compiling and executing scripts
[01:35:47.855][INFO][CraftTweaker-ZenCode]: Successfully initialized modules [crafttweaker, expansions]
[01:35:47.970][INFO][CraftTweaker-ZenCode]: Execution for loader 'initialize' completed successfully
[01:36:23.548][INFO][CraftTweaker-ZenCode]: Started loading scripts for loader 'tags'
[01:36:23.584][INFO][CraftTweaker-ZenCode]: Compiling and executing scripts
[01:36:23.603][INFO][CraftTweaker-ZenCode]: Successfully initialized modules [crafttweaker, expansions]
[01:36:23.617][INFO][CraftTweaker-ZenCode]: Execution for loader 'tags' completed successfully
[01:36:24.798][INFO][CraftTweaker]: crafttweaker.reload.start
[01:36:24.803][INFO][CraftTweaker-ZenCode]: Started loading scripts for loader 'crafttweaker'
[01:36:24.832][INFO][CraftTweaker-ZenCode]: Compiling and executing scripts
[01:36:25.396][INFO][CraftTweaker-ZenCode]: Successfully initialized modules [mods, crafttweaker, expansions]
[01:36:25.419][INFO][CraftTweaker-ZenCode]: Execution for loader 'crafttweaker' completed successfully
[01:36:25.421][INFO][CraftTweaker]: crafttweaker.reload.complete
